день 31: косяк - DrunkError
день 31: косяк - DrunkError
день 34: косяк - CarCrashError
день 34: косяк - KillError
день 42: косяк - CarCrashError
день 56: косяк - GluttonyError
день 69: косяк - DepressError
день 70: косяк - DrunkError
день 82: косяк - CarCrashError
день 84: косяк - DrunkError
день 92: косяк - CarCrashError
день 93: косяк - CarCrashError
день 93: косяк - GluttonyError
день 97: косяк - CarCrashError
день 102: косяк - DepressError
день 137: косяк - CarCrashError
день 150: косяк - DepressError
день 152: косяк - DepressError
день 155: косяк - DepressError
день 171: косяк - DepressError
день 177: косяк - DepressError
день 188: косяк - GluttonyError
день 197: косяк - DrunkError
день 211: косяк - DrunkError
день 221: косяк - KillError
день 222: косяк - KillError
день 229: косяк - GluttonyError
день 241: косяк - GluttonyError
день 244: косяк - CarCrashError
день 247: косяк - KillError
день 254: косяк - KillError
день 289: косяк - DepressError
день 301: косяк - DrunkError
день 328: косяк - KillError
день 330: косяк - KillError
день 336: косяк - GluttonyError
день 348: косяк - GluttonyError
день 361: косяк - DepressError
день 371: косяк - KillError
день 380: косяк - DrunkError
день 381: косяк - DrunkError
день 385: косяк - DrunkError
день 388: косяк - DepressError
день 393: косяк - KillError
день 404: косяк - DepressError
день 434: косяк - DrunkError
день 438: косяк - GluttonyError
день 443: косяк - KillError
день 458: косяк - CarCrashError
день 461: косяк - CarCrashError
день 466: косяк - GluttonyError
день 472: косяк - KillError
день 473: косяк - DrunkError
день 478: косяк - DrunkError
день 479: косяк - DrunkError
день 482: косяк - GluttonyError
день 498: косяк - GluttonyError
день 505: косяк - KillError
день 516: косяк - GluttonyError
день 520: косяк - CarCrashError
день 529: косяк - DrunkError
день 530: косяк - CarCrashError
день 531: косяк - CarCrashError
день 533: косяк - KillError
день 535: косяк - DepressError
день 542: косяк - KillError
день 546: косяк - CarCrashError
день 568: косяк - KillError
день 568: косяк - DrunkError
день 585: косяк - DepressError
день 597: косяк - DepressError
день 616: косяк - DrunkError
день 621: косяк - KillError
день 624: косяк - DepressError
день 626: косяк - DrunkError
день 629: косяк - GluttonyError
день 649: косяк - CarCrashError
день 650: косяк - CarCrashError
день 654: косяк - CarCrashError
день 663: косяк - DepressError
день 673: косяк - KillError
день 687: косяк - KillError
день 689: косяк - DrunkError
день 704: косяк - DepressError
день 739: косяк - GluttonyError
день 754: косяк - KillError
день 782: косяк - DrunkError
день 792: косяк - DepressError
день 802: косяк - DrunkError
день 823: косяк - GluttonyError
день 827: косяк - KillError
день 829: косяк - DrunkError
день 829: косяк - KillError
день 843: косяк - KillError
день 862: косяк - CarCrashError
день 867: косяк - CarCrashError
день 876: косяк - CarCrashError
день 884: косяк - DrunkError
день 890: косяк - KillError
день 897: косяк - CarCrashError
день 898: косяк - DrunkError
день 914: косяк - CarCrashError
день 918: косяк - GluttonyError
день 925: косяк - CarCrashError
день 928: косяк - DepressError
день 933: косяк - DepressError
день 949: косяк - DepressError
день 949: косяк - DepressError
день 966: косяк - CarCrashError
день 979: косяк - GluttonyError
день 1004: косяк - DepressError
день 1014: косяк - KillError
день 1021: косяк - GluttonyError
день 1039: косяк - DrunkError
день 1042: косяк - CarCrashError
день 1042: косяк - CarCrashError
день 1070: косяк - DepressError
день 1077: косяк - CarCrashError
день 1085: косяк - DepressError
день 1087: косяк - GluttonyError
день 1110: косяк - GluttonyError
день 1165: косяк - GluttonyError
день 1169: косяк - DepressError
день 1197: косяк - DepressError
день 1225: косяк - DrunkError
день 1233: косяк - CarCrashError
день 1233: косяк - DrunkError
день 1239: косяк - CarCrashError
день 1273: косяк - CarCrashError
день 1273: косяк - DepressError
день 1282: косяк - DrunkError
день 1283: косяк - CarCrashError
день 1284: косяк - KillError
день 1286: косяк - GluttonyError
день 1296: косяк - DrunkError
день 1304: косяк - KillError
день 1315: косяк - DrunkError
